[2025-12-24 00:48:14][main][INFO] Hook - --------------- TEST START ---------------
[2025-12-24 00:48:14][main][INFO] Hook - Loaded test config
[2025-12-24 00:48:14][main][INFO] Hook - Launching browser: chrome
[2025-12-24 00:48:21][main][INFO] Hook - Navigating to URL: https://www.saucedemo.com/
[2025-12-24 00:48:21][main][INFO] Hook - Starting scenario in report: End-to-end shopping flow on SauceDemo website
[2025-12-24 00:48:21][main][INFO] Hook - Video recording enabled? false
[2025-12-24 00:48:21][main][INFO] Hook - ------------- SETUP COMPLETE -------------
[2025-12-24 00:48:23][main][INFO] Hook - --------------- TEST END ----------------
[2025-12-24 00:48:23][main][INFO] Hook - [PASS] Scenario passed: End-to-end shopping flow on SauceDemo website
[2025-12-24 00:48:23][main][INFO] Hook - Stopping video recording...
[2025-12-24 00:48:23][main][INFO] Hook - Closing driver
[2025-12-24 00:48:23][main][INFO] Hook - Flushing Extent report
[2025-12-24 00:48:24][main][INFO] Hook - --------------- FRAMEWORK DONE ---------------
[2025-12-24 00:53:36][main][INFO] Hook - --------------- TEST START ---------------
[2025-12-24 00:53:36][main][INFO] Hook - Loaded test config
[2025-12-24 00:53:36][main][INFO] Hook - Launching browser: chrome
[2025-12-24 00:53:38][main][INFO] Hook - Navigating to URL: https://www.saucedemo.com/
[2025-12-24 00:53:38][main][INFO] Hook - Starting scenario in report: End-to-end shopping flow on SauceDemo website
[2025-12-24 00:53:38][main][INFO] Hook - Video recording enabled? false
[2025-12-24 00:53:38][main][INFO] Hook - ------------- SETUP COMPLETE -------------
[2025-12-24 00:53:39][main][INFO] Hook - --------------- TEST END ----------------
[2025-12-24 00:53:39][main][INFO] Hook - [PASS] Scenario passed: End-to-end shopping flow on SauceDemo website
[2025-12-24 00:53:39][main][INFO] Hook - Stopping video recording...
[2025-12-24 00:53:39][main][INFO] Hook - Closing driver
[2025-12-24 00:53:39][main][INFO] Hook - Flushing Extent report
[2025-12-24 00:53:40][main][INFO] Hook - --------------- FRAMEWORK DONE ---------------
[2025-12-24 01:00:10][main][INFO] Hook - --------------- TEST START ---------------
[2025-12-24 01:00:10][main][INFO] Hook - Loaded test config
[2025-12-24 01:00:10][main][INFO] Hook - Launching browser: chrome
[2025-12-24 01:00:11][main][INFO] Hook - Navigating to URL: https://www.saucedemo.com/
[2025-12-24 01:00:11][main][INFO] Hook - Starting scenario in report: End-to-end shopping flow on SauceDemo website
[2025-12-24 01:00:11][main][INFO] Hook - Video recording enabled? false
[2025-12-24 01:00:11][main][INFO] Hook - ------------- SETUP COMPLETE -------------
[2025-12-24 01:00:13][main][INFO] Hook - --------------- TEST END ----------------
[2025-12-24 01:00:13][main][INFO] Hook - [PASS] Scenario passed: End-to-end shopping flow on SauceDemo website
[2025-12-24 01:00:13][main][INFO] Hook - Stopping video recording...
[2025-12-24 01:00:13][main][INFO] Hook - Closing driver
[2025-12-24 01:00:13][main][INFO] Hook - Flushing Extent report
[2025-12-24 01:00:13][main][INFO] Hook - --------------- FRAMEWORK DONE ---------------
[2025-12-24 01:02:51][main][INFO] Hook - --------------- TEST START ---------------
[2025-12-24 01:02:51][main][INFO] Hook - Loaded test config
[2025-12-24 01:02:51][main][INFO] Hook - Launching browser: chrome
[2025-12-24 01:02:53][main][INFO] Hook - Navigating to URL: https://www.saucedemo.com/
[2025-12-24 01:02:53][main][INFO] Hook - Starting scenario in report: End-to-end shopping flow on SauceDemo website
[2025-12-24 01:02:53][main][INFO] Hook - Video recording enabled? false
[2025-12-24 01:02:53][main][INFO] Hook - ------------- SETUP COMPLETE -------------
[2025-12-24 01:02:54][main][INFO] Hook - --------------- TEST END ----------------
[2025-12-24 01:02:54][main][INFO] Hook - [PASS] Scenario passed: End-to-end shopping flow on SauceDemo website
[2025-12-24 01:02:54][main][INFO] Hook - Stopping video recording...
[2025-12-24 01:02:54][main][INFO] Hook - Closing driver
[2025-12-24 01:02:55][main][INFO] Hook - Flushing Extent report
[2025-12-24 01:02:55][main][INFO] Hook - --------------- FRAMEWORK DONE ---------------
[2025-12-24 01:09:12][main][INFO] Hook - --------------- TEST START ---------------
[2025-12-24 01:09:12][main][INFO] Hook - Loaded test config
[2025-12-24 01:09:12][main][INFO] Hook - Launching browser: chrome
[2025-12-24 01:09:14][main][INFO] Hook - Navigating to URL: https://www.saucedemo.com/
[2025-12-24 01:09:14][main][INFO] Hook - Starting scenario in report: End-to-end shopping flow on SauceDemo website
[2025-12-24 01:09:14][main][INFO] Hook - Video recording enabled? false
[2025-12-24 01:09:14][main][INFO] Hook - ------------- SETUP COMPLETE -------------
[2025-12-24 01:09:15][main][INFO] Hook - --------------- TEST END ----------------
[2025-12-24 01:09:15][main][INFO] Hook - [PASS] Scenario passed: End-to-end shopping flow on SauceDemo website
[2025-12-24 01:09:15][main][INFO] Hook - Stopping video recording...
[2025-12-24 01:09:15][main][INFO] Hook - Closing driver
[2025-12-24 01:09:15][main][INFO] Hook - Flushing Extent report
[2025-12-24 01:09:16][main][INFO] Hook - --------------- FRAMEWORK DONE ---------------
[2025-12-24 01:10:02][main][INFO] Hook - --------------- TEST START ---------------
[2025-12-24 01:10:02][main][INFO] Hook - Loaded test config
[2025-12-24 01:10:02][main][INFO] Hook - Launching browser: chrome
[2025-12-24 01:10:04][main][INFO] Hook - Navigating to URL: https://www.saucedemo.com/
[2025-12-24 01:10:04][main][INFO] Hook - Starting scenario in report: End-to-end shopping flow on SauceDemo website
[2025-12-24 01:10:04][main][INFO] Hook - Video recording enabled? false
[2025-12-24 01:10:04][main][INFO] Hook - ------------- SETUP COMPLETE -------------
[2025-12-24 01:10:05][main][INFO] Hook - --------------- TEST END ----------------
[2025-12-24 01:10:05][main][INFO] Hook - [PASS] Scenario passed: End-to-end shopping flow on SauceDemo website
[2025-12-24 01:10:05][main][INFO] Hook - Stopping video recording...
[2025-12-24 01:10:05][main][INFO] Hook - Closing driver
[2025-12-24 01:10:05][main][INFO] Hook - Flushing Extent report
[2025-12-24 01:10:06][main][INFO] Hook - --------------- FRAMEWORK DONE ---------------
